{
  "RSpec": {
    "coverage": {
      "c:/Users/Kids/99_game/lib/99_game.rb": [
        null,
        1,
        0,
        0,
        null,
        0,
        0,
        null,
        0,
        null,
        null,
        1,
        0,
        0,
        null,
        0,
        null,
        null,
        null,
        1,
        0,
        0,
        0,
        0,
        0,
        0,
        0,
        null,
        0,
        null,
        null,
        null,
        1,
        1,
        null,
        1,
        null,
        1,
        null,
        1,
        0,
        0,
        0,
        0,
        0,
        0,
        0,
        0,
        0,
        0,
        0,
        null,
        null,
        null,
        1,
        1,
        null,
        null,
        1,
        null,
        1,
        null,
        1,
        null,
        1,
        0,
        0,
        0,
        null,
        0,
        0,
        0,
        0,
        0,
        0,
        0,
        0,
        null,
        0,
        null,
        null,
        null,
        1,
        0,
        0,
        null,
        null,
        null,
        1,
        0,
        0,
        null,
        1,
        1,
        0,
        0,
        0,
        0,
        0,
        0,
        0,
        0,
        0,
        0,
        0,
        0,
        0,
        0,
        0,
        null,
        0,
        0,
        null,
        null,
        1,
        null,
        1,
        null,
        null
      ]
    },
    "timestamp": 1406343276
  }
}
